Arguments: 
  D:\node\node.exe C:\Program Files (x86)\Yarn\bin\yarn.js link

PATH: 
  D:\cmder\bin;D:\cmder\vendor\conemu-maximus5\ConEmu\Scripts;D:\cmder\vendor\conemu-maximus5;D:\cmder\vendor\conemu-maximus5\ConEmu;C:\WINDOWS\system32;C:\WINDOWS;C:\WINDOWS\System32\Wbem;C:\WINDOWS\System32\WindowsPowerShell\v1.0\;D:\Microsoft VS Code\bin;D:\node\;D:\cmder;D:\Git\cmd;C:\Program Files (x86)\Yarn\bin\;C:\Go\bin;C:\WINDOWS\System32\OpenSSH\;D:\WinSCP\;C:\Users\ADMIN1\AppData\Local\Microsoft\WindowsApps;C:\Users\ADMIN1\AppData\Roaming\npm;C:\Users\ADMIN1\AppData\Local\Yarn\bin;C:\Users\ADMIN1\go\bin;C:\Users\ADMIN1\AppData\Local\GitHubDesktop\bin;D:\Git\mingw64;D:\Git\usr\bin

Yarn version: 
  1.7.0

Node version: 
  8.11.3

Platform: 
  win32 x64

Trace: 
  Error: ENOENT: no such file or directory, stat 'C:\Users\ADMIN1\AppData\Local\Yarn\Data\link\ShellTool\bin\src\push.js'

npm manifest: 
  {
    "name": "ShellTool",
    "version": "1.0.0",
    "main": "index.js",
    "repository": "https://github.com/OctupleSakura/ShellTool.git",
    "author": "octuplesakura <2211503711@qq.com>",
    "license": "MIT",
    "bin": {
      "push": "bin/src/push.js"
    }
  }

yarn manifest: 
  No manifest

Lockfile: 
  # THIS IS AN AUTOGENERATED FILE. DO NOT EDIT THIS FILE DIRECTLY.
  # yarn lockfile v1
